yarn add v1.22.19
warning ..\package.json: No license field
[1/4] Resolving packages...
warning storybook > jscodeshift > temp > rimraf@2.6.3: Rimraf versions prior to v4 are no longer supported
warning @storybook/angular > @storybook/builder-webpack5 > webpack-dev-middleware > memfs@3.6.0: this will be v4
warning @storybook/angular > @storybook/builder-webpack5 > fork-ts-checker-webpack-plugin > memfs@3.6.0: this will be v4
warning @compodoc/compodoc > vis@4.21.0-EOL: Please consider using https://github.com/visjs
[2/4] Fetching packages...
warning Pattern ["wrap-ansi@^7.0.0"] is trying to unpack in the same destination "C:\\Users\\vitor\\AppData\\Local\\Yarn\\Cache\\v6\\npm-wrap-ansi-cjs-7.0.0-67e145cff510a6a6984bdf1152911d69d2eb9e43-integrity\\node_modules\\wrap-ansi-cjs" as pattern ["wrap-ansi-cjs@npm:wrap-ansi@^7.0.0"]. This could result in non-deterministic behavior, skipping.
warning Pattern ["cors@latest"] is trying to unpack in the same destination "C:\\Users\\vitor\\AppData\\Local\\Yarn\\Cache\\v6\\npm-cors-2.8.5-eac11da51592dd86b9f06f6e7ac293b3df875d29-integrity\\node_modules\\cors" as pattern ["cors@~2.8.5","cors@~2.8.5"]. This could result in non-deterministic behavior, skipping.
warning Pattern ["object-assign@latest"] is trying to unpack in the same destination "C:\\Users\\vitor\\AppData\\Local\\Yarn\\Cache\\v6\\npm-object-assign-4.1.1-2109adc7965887cfc05cbbd442cac8bfbb360863-integrity\\node_modules\\object-assign" as pattern ["object-assign@^4","object-assign@^4"]. This could result in non-deterministic behavior, skipping.
warning Pattern ["send@latest"] is trying to unpack in the same destination "C:\\Users\\vitor\\AppData\\Local\\Yarn\\Cache\\v6\\npm-send-0.18.0-670167cc654b05f5aa4a767f9113bb371bc706be-integrity\\node_modules\\send" as pattern ["send@0.18.0","send@0.18.0"]. This could result in non-deterministic behavior, skipping.
warning bootstrap.native@5.0.13: The engine "pnpm" appears to be invalid.
warning @thednp/event-listener@2.0.5: The engine "pnpm" appears to be invalid.
warning @thednp/shorty@2.0.3: The engine "pnpm" appears to be invalid.
[3/4] Linking dependencies...
warning "@storybook/blocks > markdown-to-jsx@7.5.0" has unmet peer dependency "react@>= 0.14.0".
warning "@storybook/blocks > @storybook/icons@1.2.10" has unmet peer dependency "react@^16.8.0 || ^17.0.0 || ^18.0.0".
warning "@storybook/blocks > @storybook/icons@1.2.10" has unmet peer dependency "react-dom@^16.8.0 || ^17.0.0 || ^18.0.0".
warning "@storybook/blocks > react-colorful@5.6.1" has unmet peer dependency "react@>=16.8.0".
warning "@storybook/blocks > react-colorful@5.6.1" has unmet peer dependency "react-dom@>=16.8.0".
warning "@storybook/addon-onboarding > react-confetti@6.1.0" has unmet peer dependency "react@^16.3.0 || ^17.0.1 || ^18.0.0".
warning " > @storybook/angular@8.2.9" has unmet peer dependency "@angular-devkit/architect@>=0.1500.0 < 0.1900.0".
warning " > @storybook/angular@8.2.9" has unmet peer dependency "@angular-devkit/core@>=15.0.0 < 19.0.0".
error An unexpected error occurred: "EPERM: operation not permitted, unlink 'M:\\Projetos\\Vicbrary\\node_modules\\@esbuild\\win32-x64\\esbuild.exe'".
info If you think this is a bug, please open a bug report with the information provided in "M:\\Projetos\\Vicbrary\\yarn-error.log".
info Visit https://yarnpkg.com/en/docs/cli/add for documentation about this command.
